<?xml version="1.0" encoding="UTF-8"?>
<testng-results ignored="0" total="1" passed="1" failed="0" skipped="0">
  <reporter-output>
  </reporter-output>
  <suite started-at="2025-01-09T15:58:15 IST" name="Default suite" finished-at="2025-01-09T15:58:22 IST" duration-ms="7505">
    <groups>
    </groups>
    <test started-at="2025-01-09T15:58:15 IST" name="Default test" finished-at="2025-01-09T15:58:22 IST" duration-ms="7505">
      <class name="Assignment1.FlightsDetails">
        <test-method is-config="true" signature="setup()[pri:0, instance:Assignment1.FlightsDetails@7188af83]" started-at="2025-01-09T15:57:58 IST" name="setup" finished-at="2025-01-09T15:58:15 IST" duration-ms="16925" status="PASS">
          <reporter-output>
          </reporter-output>
        </test-method> <!-- setup -->
        <test-method signature="getDetails()[pri:0, instance:Assignment1.FlightsDetails@7188af83]" started-at="2025-01-09T15:58:15 IST" name="getDetails" finished-at="2025-01-09T15:58:22 IST" duration-ms="7392" status="PASS">
          <reporter-output>
          </reporter-output>
        </test-method> <!-- getDetails -->
      </class> <!-- Assignment1.FlightsDetails -->
    </test> <!-- Default test -->
  </suite> <!-- Default suite -->
</testng-results>
